<![LOG[############################
]LOG]!><time="14:43:51.561660" date="8-18-2021" component="Start" context="BIZ3X\T9K" type="1" thread="17" file="">
<![LOG[Start Script
]LOG]!><time="14:43:51.573595" date="8-18-2021" component="Start" context="BIZ3X\T9K" type="1" thread="17" file="">
<![LOG[Version 0.9
]LOG]!><time="14:43:51.575624" date="8-18-2021" component="Start" context="BIZ3X\T9K" type="1" thread="17" file="">
<![LOG[
Mittwoch, 18. August 2021 14:43:51


]LOG]!><time="14:43:51.594566" date="8-18-2021" component="Start" context="BIZ3X\T9K" type="1" thread="17" file="">
<![LOG[User: T9K
]LOG]!><time="14:43:51.609985" date="8-18-2021" component="Start" context="BIZ3X\T9K" type="1" thread="17" file="">
<![LOG[Current Path: C:\Scripts\MECM App Importer\PS_SCM
]LOG]!><time="14:43:51.612014" date="8-18-2021" component="Start" context="BIZ3X\T9K" type="1" thread="17" file="">
<![LOG[Log Folder: C:\Scripts\MECM App Importer\PS_SCM\Logs
]LOG]!><time="14:43:51.613012" date="8-18-2021" component="Start" context="BIZ3X\T9K" type="1" thread="17" file="">
<![LOG[Log Path: LogPath:\\Importer_T9K.log
]LOG]!><time="14:43:51.615009" date="8-18-2021" component="Start" context="BIZ3X\T9K" type="1" thread="17" file="">
<![LOG[Assembly Location: C:\Scripts\MECM App Importer\PS_SCM\bin
]LOG]!><time="14:43:51.617002" date="8-18-2021" component="Start" context="BIZ3X\T9K" type="1" thread="17" file="">
<![LOG[Exit GUI
]LOG]!><time="14:43:56.681495" date="8-18-2021" component="Exit" context="BIZ3X\T9K" type="1" thread="17" file="">
